Build started 25/06/2014 17:10:16.
     1>Project "C:\Users\Auracle\Documents\openssi-bleedingedge\plugins\theeyetribe\build\dlls\theeyetribe.vcxproj" on node 2 (build target(s)).
       Project file contains ToolsVersion="12.0", which is not supported by this version of MSBuild. Treating the project as if it had ToolsVersion="4.0".
     1>c:\Windows\Microsoft.NET\Framework\v4.0.30319\Microsoft.Common.Targets(1200,9): warning : The referenced project '..\..\libs\ssi.vcxproj' does not exist.
     1>InitializeBuildStatus:
         Touching "Release\Win32\vc10\theeyetribe.unsuccessfulbuild".
       ClCompile:
         C:\Program Files (x86)\Microsoft Visual Studio 10.0\VC\bin\CL.exe /c /I..\..\..\..\core\include /I..\..\include /I"C:\Program Files (x86)\Microsoft Visual Studio 10.0\VC\include" /I"C:\Program Files (x86)\Microsoft Visual Studio 10.0\VC\atlmfc\include" /I"C:\Program Files (x86)\Microsoft SDKs\Windows\v7.0A\include" /I"C:\Program Files (x86)\Microsoft SDKs\Windows\v7.0A\\include" /Zi /nologo /W3 /WX- /O2 /Oy- /GL /D WIN32 /D NDEBUG /D _WINDOWS /D _CONSOLE /D _CRT_SECURE_NO_DEPRECATE /D _WINDLL /Gm- /EHsc /MD /GS /fp:precise /Zc:wchar_t /Zc:forScope /Fo"Release\Win32\vc10\\" /Fd"Release\Win32\vc10\vc100.pdb" /Gd /TP /analyze- /errorReport:prompt ..\..\source\ExportMain.cpp ..\..\source\TheEyeTribe.cpp
         ExportMain.cpp
         TheEyeTribe.cpp
       Link:
         C:\Program Files (x86)\Microsoft Visual Studio 10.0\VC\bin\link.exe /ERRORREPORT:PROMPT /OUT:"C:\Users\Auracle\Documents\openssi-bleedingedge\plugins\theeyetribe\build\dlls\..\..\..\..\bin\Win32\vc10\ssitheeyetribe.dll" /INCREMENTAL:NO /NOLOGO /LIBPATH:..\..\..\..\libs\Win32\vc10 /LIBPATH:..\lib ssi.lib GazeApiLib.lib kernel32.lib user32.lib gdi32.lib winspool.lib comdlg32.lib advapi32.lib shell32.lib ole32.lib oleaut32.lib uuid.lib odbc32.lib odbccp32.lib /MANIFEST /ManifestFile:"Release\Win32\vc10\ssitheeyetribe.dll.intermediate.manifest" /MANIFESTUAC:"level='asInvoker' uiAccess='false'" /DEBUG /PDB:"C:\Users\Auracle\Documents\openssi-bleedingedge\bin\Win32\vc10\ssitheeyetribe.pdb" /LTCG /TLBID:1 /DYNAMICBASE /NXCOMPAT /IMPLIB:"..\..\..\..\bin\Win32\vc10\ssitheeyetribe.lib" /MACHINE:X86 /DLL Release\Win32\vc10\ExportMain.obj
         Release\Win32\vc10\TheEyeTribe.obj
            Creating library ..\..\..\..\bin\Win32\vc10\ssitheeyetribe.lib and object ..\..\..\..\bin\Win32\vc10\ssitheeyetribe.exp
         Generating code
     1>c:\users\auracle\documents\openssi-bleedingedge\plugins\theeyetribe\include\theeyetribe.h(211): warning C4715: 'ssi::TheEyeTribe::getChannel' : not all control paths return a value
         Finished generating code
         theeyetribe.vcxproj -> C:\Users\Auracle\Documents\openssi-bleedingedge\plugins\theeyetribe\build\dlls\..\..\..\..\bin\Win32\vc10\ssitheeyetribe.dll
       Manifest:
         C:\Program Files (x86)\Microsoft SDKs\Windows\v7.0A\bin\mt.exe /nologo /verbose /outputresource:"C:\Users\Auracle\Documents\openssi-bleedingedge\plugins\theeyetribe\build\dlls\..\..\..\..\bin\Win32\vc10\ssitheeyetribe.dll;#2" /manifest Release\Win32\vc10\ssitheeyetribe.dll.intermediate.manifest
       PostBuildEvent:
         ..\..\..\..\bin\Win32\vc10\apigen -index -dir ..\..\..\..\docs\api ssitheeyetribe.dll
         :VCEnd
         [factory___] import 'ssitheeyetribe.dll'
         [apigen____] parse '..\..\..\..\docs\api\ssitheeyetribe'
         [apigen____] save '..\..\..\..\docs\api\ssitheeyetribe.html'
         [factory___] clear factory
         [factory___] clear objects
         [apigen____] create index '..\..\..\..\docs\api'
       FinalizeBuildStatus:
         Deleting file "Release\Win32\vc10\theeyetribe.unsuccessfulbuild".
         Touching "Release\Win32\vc10\theeyetribe.lastbuildstate".
     1>Done Building Project "C:\Users\Auracle\Documents\openssi-bleedingedge\plugins\theeyetribe\build\dlls\theeyetribe.vcxproj" (build target(s)).

Build succeeded.

Time Elapsed 00:00:07.87
