Build started 26/06/2014 11:17:13.
     1>Project "C:\Users\Auracle\Documents\openssi-bleedingedge\plugins\ffmpeg\build\dlls\ffmpeg.vcxproj" on node 2 (build target(s)).
     1>InitializeBuildStatus:
         Creating "Release\x64\vc10\ffmpeg.unsuccessfulbuild" because "AlwaysCreate" was specified.
       ClCompile:
         C:\Program Files (x86)\Microsoft Visual Studio 10.0\VC\bin\x86_amd64\CL.exe /c /I..\..\include /I..\..\..\..\core\include /I..\..\build\libs\ffmpeg\include /Zi /nologo /W3 /WX- /O2 /GL /D WIN32 /D NDEBUG /D _CONSOLE /D _CRT_SECURE_NO_DEPRECATE /D _WINDLL /Gm- /EHsc /MD /GS /fp:precise /Zc:wchar_t /Zc:forScope /Fo"Release\x64\vc10\\" /Fd"Release\x64\vc10\vc100.pdb" /Gd /TP /errorReport:prompt ..\..\source\ExportMain.cpp ..\..\source\FFMPEGReader.cpp ..\..\source\FFMPEGReaderClient.cpp
         ExportMain.cpp
         FFMPEGReader.cpp
     1>..\..\source\FFMPEGReader.cpp(289): warning C4244: 'argument' : conversion from 'ssi_time_t' to 'const ssi_real_t', possible loss of data
     1>..\..\source\FFMPEGReader.cpp(290): warning C4244: 'argument' : conversion from 'int' to 'const ssi_real_t', possible loss of data
         FFMPEGReaderClient.cpp
       Link:
         C:\Program Files (x86)\Microsoft Visual Studio 10.0\VC\bin\x86_amd64\link.exe /ERRORREPORT:PROMPT /OUT:"C:\Users\Auracle\Documents\openssi-bleedingedge\plugins\ffmpeg\build\dlls\..\..\..\..\bin\x64\vc10\ssiffmpeg.dll" /NOLOGO /LIBPATH:..\..\..\..\libs\x64\vc10 /LIBPATH:..\libs\ffmpeg\lib\x64 ssi.lib avcodec.lib avdevice.lib avfilter.lib avformat.lib avutil.lib postproc.lib swresample.lib swscale.lib kernel32.lib user32.lib gdi32.lib winspool.lib comdlg32.lib advapi32.lib shell32.lib ole32.lib oleaut32.lib uuid.lib odbc32.lib odbccp32.lib /MANIFEST /ManifestFile:"Release\x64\vc10\ssiffmpeg.dll.intermediate.manifest" /MANIFESTUAC:"level='asInvoker' uiAccess='false'" /PDB:"C:\Users\Auracle\Documents\openssi-bleedingedge\bin\x64\vc10\ssiffmpeg.pdb" /LTCG /TLBID:1 /DYNAMICBASE /NXCOMPAT /IMPLIB:"..\..\..\..\bin\x64\vc10\ssiffmpeg.lib" /MACHINE:X64 /DLL Release\x64\vc10\FFMPEGAVBuffer.obj
         Release\x64\vc10\FFMPEGReader.obj
         Release\x64\vc10\ExportMain.obj
         Release\x64\vc10\FFMPEGReaderClient.obj
         Release\x64\vc10\FFMPEGWriter.obj
         Release\x64\vc10\FFMPEGWriterClient.obj
            Creating library ..\..\..\..\bin\x64\vc10\ssiffmpeg.lib and object ..\..\..\..\bin\x64\vc10\ssiffmpeg.exp
         Generating code
         Finished generating code
         ffmpeg.vcxproj -> C:\Users\Auracle\Documents\openssi-bleedingedge\plugins\ffmpeg\build\dlls\..\..\..\..\bin\x64\vc10\ssiffmpeg.dll
       Manifest:
         C:\Program Files (x86)\Microsoft SDKs\Windows\v7.0A\bin\mt.exe /nologo /verbose /outputresource:"C:\Users\Auracle\Documents\openssi-bleedingedge\plugins\ffmpeg\build\dlls\..\..\..\..\bin\x64\vc10\ssiffmpeg.dll;#2" /manifest Release\x64\vc10\ssiffmpeg.dll.intermediate.manifest
       FinalizeBuildStatus:
         Deleting file "Release\x64\vc10\ffmpeg.unsuccessfulbuild".
         Touching "Release\x64\vc10\ffmpeg.lastbuildstate".
     1>Done Building Project "C:\Users\Auracle\Documents\openssi-bleedingedge\plugins\ffmpeg\build\dlls\ffmpeg.vcxproj" (build target(s)).

Build succeeded.

Time Elapsed 00:00:04.08
