Build started 25/06/2014 17:10:33.
     1>Project "C:\Users\Auracle\Documents\openssi-bleedingedge\plugins\theeyetribe\build\dlls\theeyetribe.vcxproj" on node 2 (build target(s)).
       Project file contains ToolsVersion="12.0", which is not supported by this version of MSBuild. Treating the project as if it had ToolsVersion="4.0".
     1>c:\Windows\Microsoft.NET\Framework\v4.0.30319\Microsoft.Common.Targets(1200,9): warning : The referenced project '..\..\libs\ssi.vcxproj' does not exist.
     1>InitializeBuildStatus:
         Creating "Debug\Win32\vc10\theeyetribe.unsuccessfulbuild" because "AlwaysCreate" was specified.
       ClCompile:
         C:\Program Files (x86)\Microsoft Visual Studio 10.0\VC\bin\CL.exe /c /I..\..\..\..\core\include /I..\..\include /I"C:\Program Files (x86)\Microsoft Visual Studio 10.0\VC\include" /I"C:\Program Files (x86)\Microsoft Visual Studio 10.0\VC\atlmfc\include" /I"C:\Program Files (x86)\Microsoft SDKs\Windows\v7.0A\include" /I"C:\Program Files (x86)\Microsoft SDKs\Windows\v7.0A\\include" /ZI /nologo /W3 /WX- /Od /Oy- /D WIN32 /D _DEBUG /D _WINDOWS /D _CONSOLE /D _CRT_SECURE_NO_DEPRECATE /D _WINDLL /Gm- /EHsc /MDd /GS /fp:precise /Zc:wchar_t /Zc:forScope /Fo"Debug\Win32\vc10\\" /Fd"Debug\Win32\vc10\vc100.pdb" /Gd /TP /analyze- /errorReport:prompt ..\..\source\ExportMain.cpp ..\..\source\TheEyeTribe.cpp
         ExportMain.cpp
         TheEyeTribe.cpp
         Generating Code...
     1>c:\users\auracle\documents\openssi-bleedingedge\plugins\theeyetribe\include\theeyetribe.h(211): warning C4715: 'ssi::TheEyeTribe::getChannel' : not all control paths return a value
       ManifestResourceCompile:
         C:\Program Files (x86)\Microsoft SDKs\Windows\v7.0A\bin\rc.exe /nologo /fo"Debug\Win32\vc10\ssitheeyetribed.dll.embed.manifest.res" Debug\Win32\vc10\ssitheeyetribed_manifest.rc 
       Link:
         C:\Program Files (x86)\Microsoft Visual Studio 10.0\VC\bin\link.exe /ERRORREPORT:PROMPT /OUT:"C:\Users\Auracle\Documents\openssi-bleedingedge\plugins\theeyetribe\build\dlls\..\..\..\..\bin\Win32\vc10\ssitheeyetribed.dll" /INCREMENTAL /NOLOGO /LIBPATH:..\..\..\..\libs\Win32\vc10 /LIBPATH:..\lib /LIBPATH:..\bin\Win32 ssid.lib GazeApiLibD.lib kernel32.lib user32.lib gdi32.lib winspool.lib comdlg32.lib advapi32.lib shell32.lib ole32.lib oleaut32.lib uuid.lib odbc32.lib odbccp32.lib /MANIFEST /ManifestFile:"Debug\Win32\vc10\ssitheeyetribed.dll.intermediate.manifest" /MANIFESTUAC:"level='asInvoker' uiAccess='false'" /DEBUG /PDB:"C:\Users\Auracle\Documents\openssi-bleedingedge\bin\Win32\vc10\ssitheeyetribed.pdb" /SUBSYSTEM:CONSOLE /TLBID:1 /DYNAMICBASE /NXCOMPAT /IMPLIB:"..\..\..\..\bin\Win32\vc10\ssitheeyetribed.lib" /MACHINE:X86 /DLL Debug\Win32\vc10\ssitheeyetribed.dll.embed.manifest.res
         Debug\Win32\vc10\ExportMain.obj
         Debug\Win32\vc10\TheEyeTribe.obj
            Creating library ..\..\..\..\bin\Win32\vc10\ssitheeyetribed.lib and object ..\..\..\..\bin\Win32\vc10\ssitheeyetribed.exp
     1>ssid.lib(SSI_Global.obj) : warning LNK4099: PDB 'vc100.pdb' was not found with 'ssid.lib(SSI_Global.obj)' or at 'C:\Users\Auracle\Documents\openssi-bleedingedge\bin\Win32\vc10\vc100.pdb'; linking object as if no debug info
     1>ssid.lib(Event.obj) : warning LNK4099: PDB 'vc100.pdb' was not found with 'ssid.lib(Event.obj)' or at 'C:\Users\Auracle\Documents\openssi-bleedingedge\bin\Win32\vc10\vc100.pdb'; linking object as if no debug info
     1>ssid.lib(Lock.obj) : warning LNK4099: PDB 'vc100.pdb' was not found with 'ssid.lib(Lock.obj)' or at 'C:\Users\Auracle\Documents\openssi-bleedingedge\bin\Win32\vc10\vc100.pdb'; linking object as if no debug info
     1>ssid.lib(Mutex.obj) : warning LNK4099: PDB 'vc100.pdb' was not found with 'ssid.lib(Mutex.obj)' or at 'C:\Users\Auracle\Documents\openssi-bleedingedge\bin\Win32\vc10\vc100.pdb'; linking object as if no debug info
     1>ssid.lib(Thread.obj) : warning LNK4099: PDB 'vc100.pdb' was not found with 'ssid.lib(Thread.obj)' or at 'C:\Users\Auracle\Documents\openssi-bleedingedge\bin\Win32\vc10\vc100.pdb'; linking object as if no debug info
     1>ssid.lib(Timer.obj) : warning LNK4099: PDB 'vc100.pdb' was not found with 'ssid.lib(Timer.obj)' or at 'C:\Users\Auracle\Documents\openssi-bleedingedge\bin\Win32\vc10\vc100.pdb'; linking object as if no debug info
     1>ssid.lib(FilePath.obj) : warning LNK4099: PDB 'vc100.pdb' was not found with 'ssid.lib(FilePath.obj)' or at 'C:\Users\Auracle\Documents\openssi-bleedingedge\bin\Win32\vc10\vc100.pdb'; linking object as if no debug info
     1>ssid.lib(OptionList.obj) : warning LNK4099: PDB 'vc100.pdb' was not found with 'ssid.lib(OptionList.obj)' or at 'C:\Users\Auracle\Documents\openssi-bleedingedge\bin\Win32\vc10\vc100.pdb'; linking object as if no debug info
     1>ssid.lib(tinystr.obj) : warning LNK4099: PDB 'vc100.pdb' was not found with 'ssid.lib(tinystr.obj)' or at 'C:\Users\Auracle\Documents\openssi-bleedingedge\bin\Win32\vc10\vc100.pdb'; linking object as if no debug info
     1>ssid.lib(tinyxml.obj) : warning LNK4099: PDB 'vc100.pdb' was not found with 'ssid.lib(tinyxml.obj)' or at 'C:\Users\Auracle\Documents\openssi-bleedingedge\bin\Win32\vc10\vc100.pdb'; linking object as if no debug info
     1>ssid.lib(tinyxmlerror.obj) : warning LNK4099: PDB 'vc100.pdb' was not found with 'ssid.lib(tinyxmlerror.obj)' or at 'C:\Users\Auracle\Documents\openssi-bleedingedge\bin\Win32\vc10\vc100.pdb'; linking object as if no debug info
     1>ssid.lib(tinyxmlparser.obj) : warning LNK4099: PDB 'vc100.pdb' was not found with 'ssid.lib(tinyxmlparser.obj)' or at 'C:\Users\Auracle\Documents\openssi-bleedingedge\bin\Win32\vc10\vc100.pdb'; linking object as if no debug info
     1>ssid.lib(Factory.obj) : warning LNK4099: PDB 'vc100.pdb' was not found with 'ssid.lib(Factory.obj)' or at 'C:\Users\Auracle\Documents\openssi-bleedingedge\bin\Win32\vc10\vc100.pdb'; linking object as if no debug info
     1>ssid.lib(String.obj) : warning LNK4099: PDB 'vc100.pdb' was not found with 'ssid.lib(String.obj)' or at 'C:\Users\Auracle\Documents\openssi-bleedingedge\bin\Win32\vc10\vc100.pdb'; linking object as if no debug info
     1>ssid.lib(EventAddress.obj) : warning LNK4099: PDB 'vc100.pdb' was not found with 'ssid.lib(EventAddress.obj)' or at 'C:\Users\Auracle\Documents\openssi-bleedingedge\bin\Win32\vc10\vc100.pdb'; linking object as if no debug info
     1>GazeApiLibD.lib(gazeapi.obj) : warning LNK4099: PDB 'vc100.pdb' was not found with 'GazeApiLibD.lib(gazeapi.obj)' or at 'C:\Users\Auracle\Documents\openssi-bleedingedge\bin\Win32\vc10\vc100.pdb'; linking object as if no debug info
     1>GazeApiLibD.lib(gazeapi_parser.obj) : warning LNK4099: PDB 'vc100.pdb' was not found with 'GazeApiLibD.lib(gazeapi_parser.obj)' or at 'C:\Users\Auracle\Documents\openssi-bleedingedge\bin\Win32\vc10\vc100.pdb'; linking object as if no debug info
     1>GazeApiLibD.lib(gazeapi_socket.obj) : warning LNK4099: PDB 'vc100.pdb' was not found with 'GazeApiLibD.lib(gazeapi_socket.obj)' or at 'C:\Users\Auracle\Documents\openssi-bleedingedge\bin\Win32\vc10\vc100.pdb'; linking object as if no debug info
       Manifest:
         C:\Program Files (x86)\Microsoft SDKs\Windows\v7.0A\bin\mt.exe /nologo /verbose /out:"Debug\Win32\vc10\ssitheeyetribed.dll.embed.manifest" /manifest Debug\Win32\vc10\ssitheeyetribed.dll.intermediate.manifest
         All outputs are up-to-date.
       LinkEmbedManifest:
         All outputs are up-to-date.
         theeyetribe.vcxproj -> C:\Users\Auracle\Documents\openssi-bleedingedge\plugins\theeyetribe\build\dlls\..\..\..\..\bin\Win32\vc10\ssitheeyetribed.dll
       FinalizeBuildStatus:
         Deleting file "Debug\Win32\vc10\theeyetribe.unsuccessfulbuild".
         Touching "Debug\Win32\vc10\theeyetribe.lastbuildstate".
     1>Done Building Project "C:\Users\Auracle\Documents\openssi-bleedingedge\plugins\theeyetribe\build\dlls\theeyetribe.vcxproj" (build target(s)).

Build succeeded.

Time Elapsed 00:00:05.91
