Build started 30/06/2014 19:36:14.
     1>Project "C:\Users\Auracle\Documents\openssi-bleedingedge\plugins\theeyetribe\build\dlls\theeyetribe.vcxproj" on node 2 (build target(s)).
       Project file contains ToolsVersion="12.0", which is not supported by this version of MSBuild. Treating the project as if it had ToolsVersion="4.0".
     1>c:\Windows\Microsoft.NET\Framework\v4.0.30319\Microsoft.Common.Targets(1200,9): warning : The referenced project '..\..\libs\ssi.vcxproj' does not exist.
     1>InitializeBuildStatus:
         Creating "Debug\x64\vc10\theeyetribe.unsuccessfulbuild" because "AlwaysCreate" was specified.
       ClCompile:
         C:\Program Files (x86)\Microsoft Visual Studio 10.0\VC\bin\x86_amd64\CL.exe /c /I..\..\..\..\core\include /I..\..\include /I"C:\Program Files (x86)\Microsoft Visual Studio 10.0\VC\include" /I"C:\Program Files (x86)\Microsoft Visual Studio 10.0\VC\atlmfc\include" /I"C:\Program Files (x86)\Microsoft SDKs\Windows\v7.0A\include" /I"C:\Program Files (x86)\Microsoft SDKs\Windows\v7.0A\\include" /I..\..\..\..\core\include\opencv /I..\..\..\shore\include /Zi /nologo /W3 /WX- /Od /D X64 /D _DEBUG /D _WINDOWS /D _CONSOLE /D _CRT_SECURE_NO_DEPRECATE /D _WINDLL /Gm- /EHsc /MDd /GS /fp:precise /Zc:wchar_t /Zc:forScope /Fo"Debug\x64\vc10\\" /Fd"Debug\x64\vc10\vc100.pdb" /Gd /TP /errorReport:prompt ..\..\source\TheEyeTribe.cpp
         TheEyeTribe.cpp
     1>..\..\source\TheEyeTribe.cpp(215): warning C4244: 'argument' : conversion from 'ssi_time_t' to 'const ssi_real_t', possible loss of data
     1>..\..\source\TheEyeTribe.cpp(254): warning C4267: 'initializing' : conversion from 'size_t' to 'ssi_size_t', possible loss of data
     1>c:\users\auracle\documents\openssi-bleedingedge\plugins\theeyetribe\include\theeyetribe.h(211): warning C4715: 'ssi::TheEyeTribe::getChannel' : not all control paths return a value
       ManifestResourceCompile:
         All outputs are up-to-date.
       Link:
         C:\Program Files (x86)\Microsoft Visual Studio 10.0\VC\bin\x86_amd64\link.exe /ERRORREPORT:PROMPT /OUT:"C:\Users\Auracle\Documents\openssi-bleedingedge\plugins\theeyetribe\build\dlls\..\..\..\..\bin\x64\vc10\ssitheeyetribed.dll" /INCREMENTAL /NOLOGO /LIBPATH:..\..\..\..\libs\x64\vc10 /LIBPATH:..\lib\x64 ssid.lib GazeApiLibD.lib kernel32.lib user32.lib gdi32.lib winspool.lib comdlg32.lib advapi32.lib shell32.lib ole32.lib oleaut32.lib uuid.lib odbc32.lib odbccp32.lib /MANIFEST /ManifestFile:"Debug\x64\vc10\ssitheeyetribed.dll.intermediate.manifest" /MANIFESTUAC:"level='asInvoker' uiAccess='false'" /DEBUG /PDB:"C:\Users\Auracle\Documents\openssi-bleedingedge\bin\x64\vc10\ssitheeyetribed.pdb" /SUBSYSTEM:CONSOLE /TLBID:1 /DYNAMICBASE /NXCOMPAT /IMPLIB:"..\..\..\..\bin\x64\vc10\ssitheeyetribed.lib" /MACHINE:X64 /DLL Debug\x64\vc10\ssitheeyetribed.dll.embed.manifest.res
         Debug\x64\vc10\ExportMain.obj
         Debug\x64\vc10\TheEyeTribe.obj
         theeyetribe.vcxproj -> C:\Users\Auracle\Documents\openssi-bleedingedge\plugins\theeyetribe\build\dlls\..\..\..\..\bin\x64\vc10\ssitheeyetribed.dll
       Manifest:
         C:\Program Files (x86)\Microsoft SDKs\Windows\v7.0A\bin\mt.exe /nologo /verbose /out:"Debug\x64\vc10\ssitheeyetribed.dll.embed.manifest" /manifest Debug\x64\vc10\ssitheeyetribed.dll.intermediate.manifest
         All outputs are up-to-date.
       LinkEmbedManifest:
         All outputs are up-to-date.
         theeyetribe.vcxproj -> C:\Users\Auracle\Documents\openssi-bleedingedge\plugins\theeyetribe\build\dlls\..\..\..\..\bin\x64\vc10\ssitheeyetribed.dll
       FinalizeBuildStatus:
         Deleting file "Debug\x64\vc10\theeyetribe.unsuccessfulbuild".
         Touching "Debug\x64\vc10\theeyetribe.lastbuildstate".
     1>Done Building Project "C:\Users\Auracle\Documents\openssi-bleedingedge\plugins\theeyetribe\build\dlls\theeyetribe.vcxproj" (build target(s)).

Build succeeded.

Time Elapsed 00:00:04.32
