..\..\..\..\bin\x64\vc10\ssiffmpegd.ilk
..\..\..\..\bin\x64\vc10\ssiffmpegd.pdb
C:\USERS\AURACLE\DOCUMENTS\OPENSSI-BLEEDINGEDGE\BIN\X64\VC10\SSIFFMPEGD.DLL
C:\Users\Auracle\Documents\openssi-bleedingedge\bin\x64\vc10\ssiffmpegd.exp
C:\USERS\AURACLE\DOCUMENTS\OPENSSI-BLEEDINGEDGE\BIN\X64\VC10\SSIFFMPEGD.ILK
C:\Users\Auracle\Documents\openssi-bleedingedge\bin\x64\vc10\ssiffmpegd.lib
C:\USERS\AURACLE\DOCUMENTS\OPENSSI-BLEEDINGEDGE\BIN\X64\VC10\SSIFFMPEGD.PDB
C:\Users\Auracle\Documents\openssi-bleedingedge\plugins\ffmpeg\build\dlls\..\..\..\..\bin\x64\vc10\ssiffmpegd.dll
C:\Users\Auracle\Documents\openssi-bleedingedge\plugins\ffmpeg\build\dlls\Debug\x64\vc10\cl.command.1.tlog
C:\Users\Auracle\Documents\openssi-bleedingedge\plugins\ffmpeg\build\dlls\Debug\x64\vc10\CL.read.1.tlog
C:\Users\Auracle\Documents\openssi-bleedingedge\plugins\ffmpeg\build\dlls\Debug\x64\vc10\CL.write.1.tlog
C:\USERS\AURACLE\DOCUMENTS\OPENSSI-BLEEDINGEDGE\PLUGINS\FFMPEG\BUILD\DLLS\DEBUG\X64\VC10\EXPORTMAIN.OBJ
C:\Users\Auracle\Documents\openssi-bleedingedge\plugins\ffmpeg\build\dlls\Debug\x64\vc10\ffmpeg.write.1.tlog
C:\USERS\AURACLE\DOCUMENTS\OPENSSI-BLEEDINGEDGE\PLUGINS\FFMPEG\BUILD\DLLS\DEBUG\X64\VC10\FFMPEGAVBUFFER.OBJ
C:\USERS\AURACLE\DOCUMENTS\OPENSSI-BLEEDINGEDGE\PLUGINS\FFMPEG\BUILD\DLLS\DEBUG\X64\VC10\FFMPEGREADER.OBJ
C:\USERS\AURACLE\DOCUMENTS\OPENSSI-BLEEDINGEDGE\PLUGINS\FFMPEG\BUILD\DLLS\DEBUG\X64\VC10\FFMPEGREADERCLIENT.OBJ
C:\USERS\AURACLE\DOCUMENTS\OPENSSI-BLEEDINGEDGE\PLUGINS\FFMPEG\BUILD\DLLS\DEBUG\X64\VC10\FFMPEGWRITER.OBJ
C:\USERS\AURACLE\DOCUMENTS\OPENSSI-BLEEDINGEDGE\PLUGINS\FFMPEG\BUILD\DLLS\DEBUG\X64\VC10\FFMPEGWRITERCLIENT.OBJ
C:\Users\Auracle\Documents\openssi-bleedingedge\plugins\ffmpeg\build\dlls\Debug\x64\vc10\link.command.1.tlog
C:\Users\Auracle\Documents\openssi-bleedingedge\plugins\ffmpeg\build\dlls\Debug\x64\vc10\link.read.1.tlog
C:\Users\Auracle\Documents\openssi-bleedingedge\plugins\ffmpeg\build\dlls\Debug\x64\vc10\link.write.1.tlog
C:\Users\Auracle\Documents\openssi-bleedingedge\plugins\ffmpeg\build\dlls\Debug\x64\vc10\mt.command.1.tlog
C:\Users\Auracle\Documents\openssi-bleedingedge\plugins\ffmpeg\build\dlls\Debug\x64\vc10\mt.read.1.tlog
C:\Users\Auracle\Documents\openssi-bleedingedge\plugins\ffmpeg\build\dlls\Debug\x64\vc10\mt.write.1.tlog
C:\USERS\AURACLE\DOCUMENTS\OPENSSI-BLEEDINGEDGE\PLUGINS\FFMPEG\BUILD\DLLS\DEBUG\X64\VC10\SSIFFMPEGD.DLL.INTERMEDIATE.MANIFEST
C:\Users\Auracle\Documents\openssi-bleedingedge\plugins\ffmpeg\build\dlls\Debug\x64\vc10\vc100.idb
C:\USERS\AURACLE\DOCUMENTS\OPENSSI-BLEEDINGEDGE\PLUGINS\FFMPEG\BUILD\DLLS\DEBUG\X64\VC10\VC100.PDB
C:\USERS\AURACLE\DOCUMENTS\OPENSSI-BLEEDINGEDGE\PLUGINS\FFMPEG-OLD\BUILD\DLLS\DEBUG\X64\VC10\EXPORTMAIN.OBJ
C:\USERS\AURACLE\DOCUMENTS\OPENSSI-BLEEDINGEDGE\PLUGINS\FFMPEG-OLD\BUILD\DLLS\DEBUG\X64\VC10\FFMPEGAVBUFFER.OBJ
C:\USERS\AURACLE\DOCUMENTS\OPENSSI-BLEEDINGEDGE\PLUGINS\FFMPEG-OLD\BUILD\DLLS\DEBUG\X64\VC10\FFMPEGREADER.OBJ
C:\USERS\AURACLE\DOCUMENTS\OPENSSI-BLEEDINGEDGE\PLUGINS\FFMPEG-OLD\BUILD\DLLS\DEBUG\X64\VC10\FFMPEGREADERCLIENT.OBJ
C:\USERS\AURACLE\DOCUMENTS\OPENSSI-BLEEDINGEDGE\PLUGINS\FFMPEG-OLD\BUILD\DLLS\DEBUG\X64\VC10\FFMPEGWRITER.OBJ
C:\USERS\AURACLE\DOCUMENTS\OPENSSI-BLEEDINGEDGE\PLUGINS\FFMPEG-OLD\BUILD\DLLS\DEBUG\X64\VC10\FFMPEGWRITERCLIENT.OBJ
C:\USERS\AURACLE\DOCUMENTS\OPENSSI-BLEEDINGEDGE\PLUGINS\FFMPEG-OLD\BUILD\DLLS\DEBUG\X64\VC10\VC100.PDB
